<?xml version="1.0" encoding="UTF-8"?>
<!-- Generated by org.testng.reporters.JUnitReportReporter -->
<testsuite hostname="arifasha" name="com.pwot.qa.iteration1.TestProvisioningUser" tests="11" failures="0" timestamp="26 Apr 2018 18:18:46 GMT" time="360.564" errors="0">
  <testcase name="UpdateAccount" time="172.536" classname="com.pwot.qa.iteration1.TestProvisioningUser"/>
  <testcase name="NewButtonFunctionalityForPro" time="46.550" classname="com.pwot.qa.iteration1.TestProvisioningUser"/>
  <testcase name="ValidateMenuDisplayedForAEManagerForPro" time="0.328" classname="com.pwot.qa.iteration1.TestProvisioningUser"/>
  <testcase name="CopyFunctionalityForPro" time="26.863" classname="com.pwot.qa.iteration1.TestProvisioningUser"/>
  <testcase name="TestUserSelectionForPro" time="5.710" classname="com.pwot.qa.iteration1.TestProvisioningUser"/>
  <testcase name="ValidateMessageDisplayedForPro" time="0.484" classname="com.pwot.qa.iteration1.TestProvisioningUser"/>
  <testcase name="ValidateLogoForPro" time="0.015" classname="com.pwot.qa.iteration1.TestProvisioningUser"/>
  <testcase name="LoggedAsInfo" time="0.219" classname="com.pwot.qa.iteration1.TestProvisioningUser"/>
  <testcase name="ModifyFuctionalityForPro" time="27.035" classname="com.pwot.qa.iteration1.TestProvisioningUser"/>
  <testcase name="OutBoundMartrixForPro" time="66.987" classname="com.pwot.qa.iteration1.TestProvisioningUser"/>
  <testcase name="TC__ManagerInsertFunctionForPro" time="13.837" classname="com.pwot.qa.iteration1.TestProvisioningUser"/>
</testsuite> <!-- com.pwot.qa.iteration1.TestProvisioningUser -->
