<?xml version="1.0" encoding="UTF-8"?>
<!-- Generated by org.testng.reporters.JUnitReportReporter -->
<testsuite hostname="arifasha" name="com.pwot.qa.iteration1.TestCustomerUser" tests="10" failures="0" timestamp="26 Apr 2018 18:18:46 GMT" time="116.939" errors="0">
  <testcase name="UpdateAccount" time="26.988" classname="com.pwot.qa.iteration1.TestCustomerUser"/>
  <testcase name="NewButtonFunctionalityForCu" time="25.320" classname="com.pwot.qa.iteration1.TestCustomerUser"/>
  <testcase name="TestUserSelectionForCu" time="6.755" classname="com.pwot.qa.iteration1.TestCustomerUser"/>
  <testcase name="LoggedAsInfo" time="0.047" classname="com.pwot.qa.iteration1.TestCustomerUser"/>
  <testcase name="ValidateMessageDisplayedForCu" time="0.484" classname="com.pwot.qa.iteration1.TestCustomerUser"/>
  <testcase name="ModifyFuctionalityForCu" time="26.333" classname="com.pwot.qa.iteration1.TestCustomerUser"/>
  <testcase name="ValidateMenuDisplayedForCuManager" time="0.078" classname="com.pwot.qa.iteration1.TestCustomerUser"/>
  <testcase name="Customer_ManagerInsertFunctionalityForCu" time="14.679" classname="com.pwot.qa.iteration1.TestCustomerUser"/>
  <testcase name="CopyFunctionalityForCu" time="16.193" classname="com.pwot.qa.iteration1.TestCustomerUser"/>
  <testcase name="ValidateLogoForCu" time="0.062" classname="com.pwot.qa.iteration1.TestCustomerUser"/>
</testsuite> <!-- com.pwot.qa.iteration1.TestCustomerUser -->
