<?xml version="1.0" encoding="UTF-8"?>
<!-- Generated by org.testng.reporters.JUnitReportReporter -->
<testsuite hostname="arifasha" name="com.pwot.qa.iteration1.TestInsertFunctionality" tests="7" failures="0" timestamp="12 Apr 2018 19:20:24 GMT" time="81.581" errors="0">
  <testcase name="ValidateMessageDisplayed" time="0.002" classname="com.pwot.qa.iteration1.TestInsertFunctionality"/>
  <testcase name="ValidateMenuDisplayedForAEManager" time="0.325" classname="com.pwot.qa.iteration1.TestInsertFunctionality"/>
  <testcase name="AE_ManagerInsertFunction" time="25.673" classname="com.pwot.qa.iteration1.TestInsertFunctionality"/>
  <testcase name="CopyFunctionality" time="24.023" classname="com.pwot.qa.iteration1.TestInsertFunctionality"/>
  <testcase name="TestUserSelection" time="6.888" classname="com.pwot.qa.iteration1.TestInsertFunctionality"/>
  <testcase name="ValidateLogo" time="0.128" classname="com.pwot.qa.iteration1.TestInsertFunctionality"/>
  <testcase name="NewButtonFunctionality" time="24.542" classname="com.pwot.qa.iteration1.TestInsertFunctionality"/>
</testsuite> <!-- com.pwot.qa.iteration1.TestInsertFunctionality -->
