<?xml version="1.0" encoding="UTF-8"?>
<!-- Generated by org.testng.reporters.JUnitReportReporter -->
<testsuite hostname="arifasha" name="com.pwot.qa.iteration1.TestSdmUser" tests="11" failures="0" timestamp="26 Apr 2018 18:18:46 GMT" time="151.765" errors="0">
  <testcase name="UpdateAccount" time="32.807" classname="com.pwot.qa.iteration1.TestSdmUser"/>
  <testcase name="TC__ManagerInsertFunctionForSdm" time="18.408" classname="com.pwot.qa.iteration1.TestSdmUser"/>
  <testcase name="ModifyFuctionalityForSdm" time="31.130" classname="com.pwot.qa.iteration1.TestSdmUser"/>
  <testcase name="LoggedAsInfo" time="0.094" classname="com.pwot.qa.iteration1.TestSdmUser"/>
  <testcase name="ValidateMenuDisplayedForSdmManager" time="0.266" classname="com.pwot.qa.iteration1.TestSdmUser"/>
  <testcase name="CopyFunctionalityForSdm" time="17.659" classname="com.pwot.qa.iteration1.TestSdmUser"/>
  <testcase name="NewButtonFunctionalityForSdm" time="29.469" classname="com.pwot.qa.iteration1.TestSdmUser"/>
  <testcase name="OutBoundMartrixForSdm" time="16.036" classname="com.pwot.qa.iteration1.TestSdmUser"/>
  <testcase name="ValidateLogoForSdm" time="0.031" classname="com.pwot.qa.iteration1.TestSdmUser"/>
  <testcase name="TestUserSelectionForSdm" time="5.382" classname="com.pwot.qa.iteration1.TestSdmUser"/>
  <testcase name="ValidateMessageDisplayedForSdm" time="0.483" classname="com.pwot.qa.iteration1.TestSdmUser"/>
</testsuite> <!-- com.pwot.qa.iteration1.TestSdmUser -->
