<?xml version="1.0" encoding="UTF-8"?>
<!-- Generated by org.testng.reporters.JUnitReportReporter -->
<testsuite hostname="arifasha" name="com.pwot.qa.iteration1.IRCTC" tests="1" failures="0" timestamp="20 Apr 2018 17:52:21 GMT" time="27.466" errors="0">
  <testcase name="Test" time="27.466" classname="com.pwot.qa.iteration1.IRCTC"/>
</testsuite> <!-- com.pwot.qa.iteration1.IRCTC -->
