<?xml version="1.0" encoding="UTF-8"?>
<!-- Generated by org.testng.reporters.JUnitReportReporter -->
<testsuite hostname="arifasha" name="com.pwot.qa.iteration1.Practice" tests="1" failures="0" timestamp="26 Apr 2018 17:18:40 GMT" time="78.768" errors="0">
  <testcase name="test" time="78.768" classname="com.pwot.qa.iteration1.Practice"/>
</testsuite> <!-- com.pwot.qa.iteration1.Practice -->
