<?xml version="1.0" encoding="UTF-8"?>
<!-- Generated by org.testng.reporters.JUnitReportReporter -->
<testsuite hostname="arifasha" name="com.pwot.qa.iteration1.TestOfcUser" tests="8" failures="0" timestamp="22 Apr 2018 09:20:39 GMT" time="87.634" errors="0">
  <testcase name="ValidateLogo" time="0.043" classname="com.pwot.qa.iteration1.TestOfcUser"/>
  <testcase name="ModifyFuctionality" time="23.010" classname="com.pwot.qa.iteration1.TestOfcUser"/>
  <testcase name="CopyFunctionality" time="17.511" classname="com.pwot.qa.iteration1.TestOfcUser"/>
  <testcase name="TestUserSelection" time="5.488" classname="com.pwot.qa.iteration1.TestOfcUser"/>
  <testcase name="NewButtonFunctionality" time="21.015" classname="com.pwot.qa.iteration1.TestOfcUser"/>
  <testcase name="ValidateMessageDisplayed" time="0.470" classname="com.pwot.qa.iteration1.TestOfcUser"/>
  <testcase name="OFC__ManagerInsertFunction" time="19.806" classname="com.pwot.qa.iteration1.TestOfcUser"/>
  <testcase name="ValidateMenuDisplayedForAEManager" time="0.291" classname="com.pwot.qa.iteration1.TestOfcUser"/>
</testsuite> <!-- com.pwot.qa.iteration1.TestOfcUser -->
