<?xml version="1.0" encoding="UTF-8"?>
<!-- Generated by org.testng.reporters.JUnitReportReporter -->
<testsuite hostname="arifasha" name="com.pwot.qa.iteration1.TestOtherUser" tests="11" failures="0" timestamp="26 Apr 2018 18:18:46 GMT" time="122.522" errors="0">
  <testcase name="ValidateMenuDisplayedForAEManagerForOthr" time="0.250" classname="com.pwot.qa.iteration1.TestOtherUser"/>
  <testcase name="TestUserSelectionForOthr" time="6.177" classname="com.pwot.qa.iteration1.TestOtherUser"/>
  <testcase name="ValidateMessageDisplayedForOthr" time="0.483" classname="com.pwot.qa.iteration1.TestOtherUser"/>
  <testcase name="AE_ManagerInsertFunctionForOthr" time="17.425" classname="com.pwot.qa.iteration1.TestOtherUser"/>
  <testcase name="UpdateAccount" time="28.860" classname="com.pwot.qa.iteration1.TestOtherUser"/>
  <testcase name="LoggedAsInfo" time="0.047" classname="com.pwot.qa.iteration1.TestOtherUser"/>
  <testcase name="ValidateLogoForOthr" time="0.016" classname="com.pwot.qa.iteration1.TestOtherUser"/>
  <testcase name="CopyFunctionalityForOthr" time="14.149" classname="com.pwot.qa.iteration1.TestOtherUser"/>
  <testcase name="NewButtonFunctionalityForOthr" time="24.851" classname="com.pwot.qa.iteration1.TestOtherUser"/>
  <testcase name="ModifyFuctionalityForOthr" time="19.329" classname="com.pwot.qa.iteration1.TestOtherUser"/>
  <testcase name="OutBoundMartrixForOthr" time="10.935" classname="com.pwot.qa.iteration1.TestOtherUser"/>
</testsuite> <!-- com.pwot.qa.iteration1.TestOtherUser -->
