<?xml version="1.0" encoding="UTF-8"?>
<!-- Generated by org.testng.reporters.JUnitReportReporter -->
<testsuite hostname="arifasha" name="com.pwot.qa.iteration1.Practice" tests="1" failures="0" timestamp="22 Apr 2018 18:16:40 GMT" time="11.864" errors="0">
  <testcase name="Test" time="11.864" classname="com.pwot.qa.iteration1.Practice"/>
</testsuite> <!-- com.pwot.qa.iteration1.Practice -->
