<?xml version="1.0" encoding="UTF-8"?>
<!-- Generated by org.testng.reporters.JUnitReportReporter -->
<testsuite hostname="arifasha" name="com.pwot.qa.iteration1.TestProvisioningUser" tests="8" failures="0" timestamp="22 Apr 2018 07:47:01 GMT" time="79.164" errors="0">
  <testcase name="ValidateLogo" time="0.045" classname="com.pwot.qa.iteration1.TestProvisioningUser"/>
  <testcase name="ModifyFuctionality" time="11.851" classname="com.pwot.qa.iteration1.TestProvisioningUser"/>
  <testcase name="CopyFunctionality" time="15.085" classname="com.pwot.qa.iteration1.TestProvisioningUser"/>
  <testcase name="TestUserSelection" time="5.068" classname="com.pwot.qa.iteration1.TestProvisioningUser"/>
  <testcase name="NewButtonFunctionality" time="28.673" classname="com.pwot.qa.iteration1.TestProvisioningUser"/>
  <testcase name="ValidateMessageDisplayed" time="0.572" classname="com.pwot.qa.iteration1.TestProvisioningUser"/>
  <testcase name="TC__ManagerInsertFunction" time="16.545" classname="com.pwot.qa.iteration1.TestProvisioningUser"/>
  <testcase name="ValidateMenuDisplayedForAEManager" time="1.325" classname="com.pwot.qa.iteration1.TestProvisioningUser"/>
</testsuite> <!-- com.pwot.qa.iteration1.TestProvisioningUser -->
