<?xml version="1.0" encoding="UTF-8"?>
<!-- Generated by org.testng.reporters.JUnitReportReporter -->
<testsuite hostname="arifasha" name="com.pwot.qa.iteration1.TestAeUser" tests="11" failures="0" timestamp="26 Apr 2018 18:18:46 GMT" time="135.252" errors="0">
  <testcase name="TestUserSelectionForAE" time="10.296" classname="com.pwot.qa.iteration1.TestAeUser"/>
  <testcase name="ValidateMessageDisplayedForAE" time="0.000" classname="com.pwot.qa.iteration1.TestAeUser"/>
  <testcase name="ValidateLogoForAE" time="0.078" classname="com.pwot.qa.iteration1.TestAeUser"/>
  <testcase name="CopyFunctionalityForAE" time="13.182" classname="com.pwot.qa.iteration1.TestAeUser"/>
  <testcase name="ModifyFuctionalityForAE" time="16.911" classname="com.pwot.qa.iteration1.TestAeUser"/>
  <testcase name="LoggedAsInfo" time="0.047" classname="com.pwot.qa.iteration1.TestAeUser"/>
  <testcase name="ValidateMenuDisplayedForAEManager" time="0.265" classname="com.pwot.qa.iteration1.TestAeUser"/>
  <testcase name="UpdateAccount" time="32.947" classname="com.pwot.qa.iteration1.TestAeUser"/>
  <testcase name="NewButtonFunctionalityForAE" time="22.292" classname="com.pwot.qa.iteration1.TestAeUser"/>
  <testcase name="OutBoundMartrixForAE" time="21.528" classname="com.pwot.qa.iteration1.TestAeUser"/>
  <testcase name="AE_ManagerInsertFunctionForAE" time="17.706" classname="com.pwot.qa.iteration1.TestAeUser"/>
</testsuite> <!-- com.pwot.qa.iteration1.TestAeUser -->
