<?xml version="1.0" encoding="UTF-8"?>
<!-- Generated by org.testng.reporters.JUnitReportReporter -->
<testsuite hostname="arifasha" name="com.pwot.qa.iteration1.TestTcUser" tests="11" failures="0" timestamp="26 Apr 2018 18:18:46 GMT" time="152.693" errors="0">
  <testcase name="CopyFunctionalityForTc" time="16.708" classname="com.pwot.qa.iteration1.TestTcUser"/>
  <testcase name="TestUserSelectionForTc" time="5.538" classname="com.pwot.qa.iteration1.TestTcUser"/>
  <testcase name="ValidateLogoForTc" time="0.032" classname="com.pwot.qa.iteration1.TestTcUser"/>
  <testcase name="TC__ManagerInsertFunctionForTc" time="22.885" classname="com.pwot.qa.iteration1.TestTcUser"/>
  <testcase name="OutBoundMartrixForTc" time="13.525" classname="com.pwot.qa.iteration1.TestTcUser"/>
  <testcase name="NewButtonFunctionalityForTc" time="18.673" classname="com.pwot.qa.iteration1.TestTcUser"/>
  <testcase name="LoggedAsInfo" time="0.078" classname="com.pwot.qa.iteration1.TestTcUser"/>
  <testcase name="ModifyFuctionalityForTc" time="43.992" classname="com.pwot.qa.iteration1.TestTcUser"/>
  <testcase name="ValidateMessageDisplayedForTc" time="3.135" classname="com.pwot.qa.iteration1.TestTcUser"/>
  <testcase name="UpdateAccount" time="27.877" classname="com.pwot.qa.iteration1.TestTcUser"/>
  <testcase name="ValidateMenuDisplayedForTcManager" time="0.250" classname="com.pwot.qa.iteration1.TestTcUser"/>
</testsuite> <!-- com.pwot.qa.iteration1.TestTcUser -->
