<?xml version="1.0" encoding="UTF-8"?>
<!-- Generated by org.testng.reporters.JUnitReportReporter -->
<testsuite hostname="arifasha" name="com.pwot.qa.iteration1.CommonMethods" tests="1" failures="0" timestamp="27 Mar 2018 16:17:57 GMT" time="43.396" errors="0">
  <testcase name="AE_Manager" time="43.396" classname="com.pwot.qa.iteration1.CommonMethods"/>
</testsuite> <!-- com.pwot.qa.iteration1.CommonMethods -->
