<?xml version="1.0" encoding="UTF-8"?>
<!-- Generated by org.testng.reporters.JUnitReportReporter -->
<testsuite hostname="arifasha" name="com.pwot.qa.iteration1.TestOfcUser" tests="11" failures="0" timestamp="26 Apr 2018 18:18:46 GMT" time="166.593" errors="0">
  <testcase name="OutBoundMartrixForOfc" time="20.389" classname="com.pwot.qa.iteration1.TestOfcUser"/>
  <testcase name="ValidateMessageDisplayedForOfc" time="2.434" classname="com.pwot.qa.iteration1.TestOfcUser"/>
  <testcase name="ModifyFuctionalityForOfc" time="21.154" classname="com.pwot.qa.iteration1.TestOfcUser"/>
  <testcase name="TestUserSelectionForOfc" time="6.224" classname="com.pwot.qa.iteration1.TestOfcUser"/>
  <testcase name="ValidateLogoForOfc" time="0.047" classname="com.pwot.qa.iteration1.TestOfcUser"/>
  <testcase name="NewButtonFunctionalityForOfc" time="22.698" classname="com.pwot.qa.iteration1.TestOfcUser"/>
  <testcase name="LoggedAsInfo" time="0.078" classname="com.pwot.qa.iteration1.TestOfcUser"/>
  <testcase name="CopyFunctionalityForOfc" time="14.072" classname="com.pwot.qa.iteration1.TestOfcUser"/>
  <testcase name="ValidateMenuDisplayedForAEManagerForOfc" time="0.437" classname="com.pwot.qa.iteration1.TestOfcUser"/>
  <testcase name="UpdateAccount" time="64.459" classname="com.pwot.qa.iteration1.TestOfcUser"/>
  <testcase name="OFC__ManagerInsertFunctionForOfc" time="14.601" classname="com.pwot.qa.iteration1.TestOfcUser"/>
</testsuite> <!-- com.pwot.qa.iteration1.TestOfcUser -->
